src/components/dashboard/LayoutGridItem.tsx(26,18): error TS7016: Could not find a declaration file for module 'react-plotly.js'. '/Users/adolhong/Desktop/dashboard2/web/node_modules/react-plotly.js/react-plotly.js' implicitly has an 'any' type.
  Try `npm i --save-dev @types/react-plotly.js` if it exists or add a new declaration (.d.ts) file containing `declare module 'react-plotly.js';`
src/components/dashboard/LayoutItemParams.tsx(43,25): error TS2345: Argument of type '(prev: any) => any' is not assignable to parameter of type 'Record<string, PlainParamValue>'.
  Index signature for type 'string' is missing in type '(prev: any) => any'.
src/components/dashboard/LayoutItemParams.tsx(43,26): error TS7006: Parameter 'prev' implicitly has an 'any' type.
src/components/dashboard/LayoutItemParams.tsx(69,28): error TS2345: Argument of type '(prev: any) => any' is not assignable to parameter of type 'Record<string, string | string[]>'.
  Index signature for type 'string' is missing in type '(prev: any) => any'.
src/components/dashboard/LayoutItemParams.tsx(69,29): error TS7006: Parameter 'prev' implicitly has an 'any' type.
src/components/edit/EditDataSourceModal.tsx(429,43): error TS2339: Property 'interval' does not exist on type 'ManualUpdateMode | AutoUpdateMode'.
  Property 'interval' does not exist on type 'ManualUpdateMode'.
src/components/edit/EditLayoutModal.tsx(343,42): error TS6133: 'upEvent' is declared but its value is never read.
src/components/edit/TabDataSource.tsx(43,43): error TS6133: 'idx' is declared but its value is never read.
src/components/tree-select/tree-select.tsx(7,39): error TS2307: Cannot find module '@/models/aria-invalid-props' or its corresponding type declarations.
src/components/tree-select/tree-select.tsx(54,26): error TS7006: Parameter 'v' implicitly has an 'any' type.
src/components/tree-select/tree-select.tsx(64,51): error TS7006: Parameter 'value' implicitly has an 'any' type.
src/components/tree-select/tree-select.tsx(68,53): error TS7006: Parameter 'value' implicitly has an 'any' type.
src/data/demoReport.ts(64,19): error TS2322: Type 'string' is not assignable to type 'Record<string, string>'.
src/data/demoReport.ts(64,33): error TS2322: Type 'string' is not assignable to type 'Record<string, string>'.
src/data/demoReport.ts(64,47): error TS2322: Type 'string' is not assignable to type 'Record<string, string>'.
src/data/demoReport.ts(86,19): error TS2322: Type 'string' is not assignable to type 'Record<string, string>'.
src/data/demoReport.ts(86,24): error TS2322: Type 'string' is not assignable to type 'Record<string, string>'.
src/data/demoReport.ts(86,29): error TS2322: Type 'string' is not assignable to type 'Record<string, string>'.
src/data/demoReport.ts(86,34): error TS2322: Type 'string' is not assignable to type 'Record<string, string>'.
src/data/demoReport.ts(86,39): error TS2322: Type 'string' is not assignable to type 'Record<string, string>'.
src/data/demoReport.ts(97,19): error TS2322: Type 'string' is not assignable to type 'Record<string, string>'.
src/data/demoReport.ts(97,26): error TS2322: Type 'string' is not assignable to type 'Record<string, string>'.
src/data/demoReport.ts(97,33): error TS2322: Type 'string' is not assignable to type 'Record<string, string>'.
src/data/demoReport.ts(97,40): error TS2322: Type 'string' is not assignable to type 'Record<string, string>'.
src/data/demoReport.ts(97,49): error TS2322: Type 'string' is not assignable to type 'Record<string, string>'.
src/routes/dev/fileExplorer.tsx(39,7): error TS2322: Type '{ fsItems: FileSystemItem[]; setFsItems: (items: any) => void; }' is not assignable to type 'IntrinsicAttributes & FileExplorerProps'.
  Property 'fsItems' does not exist on type 'IntrinsicAttributes & FileExplorerProps'.
src/routes/dev/fileExplorer.tsx(40,20): error TS7006: Parameter 'items' implicitly has an 'any' type.
src/routes/login.tsx(4,22): error TS7016: Could not find a declaration file for module 'crypto-js'. '/Users/adolhong/Desktop/dashboard2/web/node_modules/crypto-js/index.js' implicitly has an 'any' type.
  Try `npm i --save-dev @types/crypto-js` if it exists or add a new declaration (.d.ts) file containing `declare module 'crypto-js';`
src/types/models/aliasRelianceMap.ts(93,12): error TS7053: Element implicitly has an 'any' type because expression of type 'string' can't be used to index type '{ aliasToArtifacts: { [alias: string]: { artifactTitle: string; artifactId: string; }[]; }; }'.
  No index signature with a parameter of type 'string' was found on type '{ aliasToArtifacts: { [alias: string]: { artifactTitle: string; artifactId: string; }[]; }; }'.
src/types/models/aliasRelianceMap.ts(94,9): error TS7053: Element implicitly has an 'any' type because expression of type 'string' can't be used to index type '{ aliasToArtifacts: { [alias: string]: { artifactTitle: string; artifactId: string; }[]; }; }'.
  No index signature with a parameter of type 'string' was found on type '{ aliasToArtifacts: { [alias: string]: { artifactTitle: string; artifactId: string; }[]; }; }'.
src/types/models/aliasRelianceMap.ts(96,7): error TS7053: Element implicitly has an 'any' type because expression of type 'string' can't be used to index type '{ aliasToArtifacts: { [alias: string]: { artifactTitle: string; artifactId: string; }[]; }; }'.
  No index signature with a parameter of type 'string' was found on type '{ aliasToArtifacts: { [alias: string]: { artifactTitle: string; artifactId: string; }[]; }; }'.
src/types/models/aliasRelianceMap.ts(102,6): error TS2345: Argument of type '{}' is not assignable to parameter of type '{ aliasToArtifacts: { [alias: string]: { artifactTitle: string; artifactId: string; }[]; }; }'.
  Property 'aliasToArtifacts' is missing in type '{}' but required in type '{ aliasToArtifacts: { [alias: string]: { artifactTitle: string; artifactId: string; }[]; }; }'.
src/types/models/aliasRelianceMap.ts(112,5): error TS2322: Type 'Artifact' is not assignable to type '{ [alias: string]: { artifactTitle: string; artifactId: string; }[]; }'.
  Index signature for type 'string' is missing in type 'Artifact'.
